<?xml version="1.0" encoding="UTF-8"?>
<!-- Generated by org.testng.reporters.JUnitXMLReporter -->
<testsuite hostname="HKILARI-W10" ignored="0" name="Default test" tests="7" failures="0" timestamp="27 Mar 2019 09:08:30 GMT" time="8.957" errors="0">
  <testcase name="initTest" time="0.042" classname="com.vmware.mangle.unittest.services.config.ADAuthProviderTest"/>
  <testcase name="authenticateTest" time="8.622" classname="com.vmware.mangle.unittest.services.config.ADAuthProviderTest"/>
  <testcase name="supportTestTrue" time="0.015" classname="com.vmware.mangle.unittest.services.config.ADAuthProviderTest"/>
  <testcase name="supportTestFalse" time="0.001" classname="com.vmware.mangle.unittest.services.config.ADAuthProviderTest"/>
  <testcase name="setAdAuthProviderTestFailure" time="0.019" classname="com.vmware.mangle.unittest.services.config.ADAuthProviderTest"/>
  <testcase name="setAdAuthProviderTestSuccessful" time="0.002" classname="com.vmware.mangle.unittest.services.config.ADAuthProviderTest"/>
  <testcase name="removeAdAuthProviderTest" time="0.001" classname="com.vmware.mangle.unittest.services.config.ADAuthProviderTest"/>
</testsuite> <!-- Default test -->
