<?xml version="1.0" encoding="UTF-8"?>
<testng-results skipped="0" failed="0" ignored="0" total="4" passed="4">
  <reporter-output>
  </reporter-output>
  <suite name="Default suite" duration-ms="500" started-at="2019-03-26T05:44:07Z" finished-at="2019-03-26T05:44:08Z">
    <groups>
    </groups>
    <test name="Default test" duration-ms="500" started-at="2019-03-26T05:44:07Z" finished-at="2019-03-26T05:44:08Z">
      <class name="com.vmware.mangle.unittest.faults.plugin.helpers.systemresource.K8sSystemResourceFaultHelperTest">
        <test-method status="PASS" signature="setUpBeforeClass()[pri:0, instance:com.vmware.mangle.unittest.faults.plugin.helpers.systemresource.K8sSystemResourceFaultHelperTest@67d48005]" name="setUpBeforeClass" is-config="true" duration-ms="167" started-at="2019-03-26T11:14:07Z" finished-at="2019-03-26T11:14:08Z">
          <reporter-output>
          </reporter-output>
        </test-method> <!-- setUpBeforeClass -->
        <test-method status="PASS" signature="testGetAgentFaultInjectionScripts()[pri:0, instance:com.vmware.mangle.unittest.faults.plugin.helpers.systemresource.K8sSystemResourceFaultHelperTest@67d48005]" name="testGetAgentFaultInjectionScripts" duration-ms="51" started-at="2019-03-26T11:14:08Z" finished-at="2019-03-26T11:14:08Z">
          <reporter-output>
          </reporter-output>
        </test-method> <!-- testGetAgentFaultInjectionScripts -->
        <test-method status="PASS" signature="setUpBeforeClass()[pri:0, instance:com.vmware.mangle.unittest.faults.plugin.helpers.systemresource.K8sSystemResourceFaultHelperTest@67d48005]" name="setUpBeforeClass" is-config="true" duration-ms="2" started-at="2019-03-26T11:14:08Z" finished-at="2019-03-26T11:14:08Z">
          <reporter-output>
          </reporter-output>
        </test-method> <!-- setUpBeforeClass -->
        <test-method status="PASS" signature="testGetExecutor()[pri:0, instance:com.vmware.mangle.unittest.faults.plugin.helpers.systemresource.K8sSystemResourceFaultHelperTest@67d48005]" name="testGetExecutor" duration-ms="6" started-at="2019-03-26T11:14:08Z" finished-at="2019-03-26T11:14:08Z">
          <reporter-output>
          </reporter-output>
        </test-method> <!-- testGetExecutor -->
        <test-method status="PASS" signature="setUpBeforeClass()[pri:0, instance:com.vmware.mangle.unittest.faults.plugin.helpers.systemresource.K8sSystemResourceFaultHelperTest@67d48005]" name="setUpBeforeClass" is-config="true" duration-ms="2" started-at="2019-03-26T11:14:08Z" finished-at="2019-03-26T11:14:08Z">
          <reporter-output>
          </reporter-output>
        </test-method> <!-- setUpBeforeClass -->
        <test-method status="PASS" signature="testGetInjectionCommandInfoListforCPUFault()[pri:0, instance:com.vmware.mangle.unittest.faults.plugin.helpers.systemresource.K8sSystemResourceFaultHelperTest@67d48005]" name="testGetInjectionCommandInfoListforCPUFault" duration-ms="245" started-at="2019-03-26T11:14:08Z" finished-at="2019-03-26T11:14:08Z">
          <reporter-output>
          </reporter-output>
        </test-method> <!-- testGetInjectionCommandInfoListforCPUFault -->
        <test-method status="PASS" signature="setUpBeforeClass()[pri:0, instance:com.vmware.mangle.unittest.faults.plugin.helpers.systemresource.K8sSystemResourceFaultHelperTest@67d48005]" name="setUpBeforeClass" is-config="true" duration-ms="2" started-at="2019-03-26T11:14:08Z" finished-at="2019-03-26T11:14:08Z">
          <reporter-output>
          </reporter-output>
        </test-method> <!-- setUpBeforeClass -->
        <test-method status="PASS" signature="testGetRemediationCommandInfoListForCPUFault()[pri:0, instance:com.vmware.mangle.unittest.faults.plugin.helpers.systemresource.K8sSystemResourceFaultHelperTest@67d48005]" name="testGetRemediationCommandInfoListForCPUFault" duration-ms="4" started-at="2019-03-26T11:14:08Z" finished-at="2019-03-26T11:14:08Z">
          <reporter-output>
          </reporter-output>
        </test-method> <!-- testGetRemediationCommandInfoListForCPUFault -->
      </class> <!-- com.vmware.mangle.unittest.faults.plugin.helpers.systemresource.K8sSystemResourceFaultHelperTest -->
    </test> <!-- Default test -->
  </suite> <!-- Default suite -->
</testng-results>
