<?xml version="1.0" encoding="UTF-8"?>
<!-- Generated by org.testng.reporters.JUnitXMLReporter -->
<testsuite hostname="HKILARI-W10" ignored="0" name="Default test" tests="4" failures="0" timestamp="26 Mar 2019 05:44:08 GMT" time="0.5" errors="0">
  <testcase name="testGetAgentFaultInjectionScripts" time="0.051" classname="com.vmware.mangle.unittest.faults.plugin.helpers.systemresource.K8sSystemResourceFaultHelperTest"/>
  <testcase name="testGetExecutor" time="0.006" classname="com.vmware.mangle.unittest.faults.plugin.helpers.systemresource.K8sSystemResourceFaultHelperTest"/>
  <testcase name="testGetInjectionCommandInfoListforCPUFault" time="0.245" classname="com.vmware.mangle.unittest.faults.plugin.helpers.systemresource.K8sSystemResourceFaultHelperTest"/>
  <testcase name="testGetRemediationCommandInfoListForCPUFault" time="0.004" classname="com.vmware.mangle.unittest.faults.plugin.helpers.systemresource.K8sSystemResourceFaultHelperTest"/>
</testsuite> <!-- Default test -->
